d:\tikhon\proga\aspnetcore\mess\lab7files\lab7files\x64\debug\vc143.pdb
d:\tikhon\proga\aspnetcore\mess\lab7files\lab7files\x64\debug\vc143.idb
d:\tikhon\proga\aspnetcore\mess\lab7files\lab7files\x64\debug\stringspliter.obj
d:\tikhon\proga\aspnetcore\mess\lab7files\lab7files\x64\debug\source.obj
d:\tikhon\proga\aspnetcore\mess\lab7files\lab7files\x64\debug\fileworker.obj
d:\tikhon\proga\aspnetcore\mess\lab7files\lab7files\x64\debug\dishfileworker.obj
d:\tikhon\proga\aspnetcore\mess\lab7files\lab7files\x64\debug\dishcollection.obj
d:\tikhon\proga\aspnetcore\mess\lab7files\lab7files\x64\debug\binarydishfileworker.obj
d:\tikhon\proga\aspnetcore\mess\lab7files\lab7files\x64\debug\dish.obj
d:\tikhon\proga\aspnetcore\mess\lab7files\lab7files\x64\debug\textdishfileworker.obj
d:\tikhon\proga\aspnetcore\mess\lab7files\lab7files\x64\debug\textbinarydishfileworker.obj
d:\tikhon\proga\aspnetcore\mess\lab7files\x64\debug\lab7files.exe
d:\tikhon\proga\aspnetcore\mess\lab7files\lab7files\x64\debug\lab7files.ilk
d:\tikhon\proga\aspnetcore\mess\lab7files\x64\debug\lab7files.pdb
d:\tikhon\proga\aspnetcore\mess\lab7files\lab7files\x64\debug\lab7files.tlog\cl.command.1.tlog
d:\tikhon\proga\aspnetcore\mess\lab7files\lab7files\x64\debug\lab7files.tlog\cl.read.1.tlog
d:\tikhon\proga\aspnetcore\mess\lab7files\lab7files\x64\debug\lab7files.tlog\cl.write.1.tlog
d:\tikhon\proga\aspnetcore\mess\lab7files\lab7files\x64\debug\lab7files.tlog\link.command.1.tlog
d:\tikhon\proga\aspnetcore\mess\lab7files\lab7files\x64\debug\lab7files.tlog\link.read.1.tlog
d:\tikhon\proga\aspnetcore\mess\lab7files\lab7files\x64\debug\lab7files.tlog\link.write.1.tlog
