d:\tikhon\proga\c++\namespaces\namespaces\x64\debug\vc143.pdb
d:\tikhon\proga\c++\namespaces\namespaces\x64\debug\vc143.idb
d:\tikhon\proga\c++\namespaces\namespaces\x64\debug\wagon.obj
d:\tikhon\proga\c++\namespaces\namespaces\x64\debug\vehicle.obj
d:\tikhon\proga\c++\namespaces\namespaces\x64\debug\traindriver.obj
d:\tikhon\proga\c++\namespaces\namespaces\x64\debug\train.obj
d:\tikhon\proga\c++\namespaces\namespaces\x64\debug\source.obj
d:\tikhon\proga\c++\namespaces\namespaces\x64\debug\locomotive.obj
d:\tikhon\proga\c++\namespaces\namespaces\x64\debug\human.obj
d:\tikhon\proga\c++\namespaces\namespaces\x64\debug\engine.obj
d:\tikhon\proga\c++\namespaces\namespaces\x64\debug\conductor.obj
d:\tikhon\proga\c++\namespaces\x64\debug\namespaces.exe
d:\tikhon\proga\c++\namespaces\namespaces\x64\debug\namespaces.ilk
d:\tikhon\proga\c++\namespaces\x64\debug\namespaces.pdb
d:\tikhon\proga\c++\namespaces\namespaces\x64\debug\namespaces.tlog\cl.command.1.tlog
d:\tikhon\proga\c++\namespaces\namespaces\x64\debug\namespaces.tlog\cl.read.1.tlog
d:\tikhon\proga\c++\namespaces\namespaces\x64\debug\namespaces.tlog\cl.write.1.tlog
d:\tikhon\proga\c++\namespaces\namespaces\x64\debug\namespaces.tlog\link.command.1.tlog
d:\tikhon\proga\c++\namespaces\namespaces\x64\debug\namespaces.tlog\link.read.1.tlog
d:\tikhon\proga\c++\namespaces\namespaces\x64\debug\namespaces.tlog\link.write.1.tlog
